{"level":"info","message":"Мок API Wildberries активирован","timestamp":"2025-03-07T00:44:40.285Z"}
{"level":"info","message":"Проверка подключения к БД...","timestamp":"2025-03-07T00:44:40.289Z"}
{"code":"ENOTFOUND","errno":-3008,"hostname":"postgres","level":"error","message":"Ошибка подключения к БД: getaddrinfo ENOTFOUND postgres","stack":"Error: getaddrinfo ENOTFOUND postgres\n    at D:\\WB-assistant\\wb-assistant-0.1.2\\node_modules\\pg-pool\\index.js:45:11\n    at processTicksAndRejections (node:internal/process/task_queues:105:5)\n    at checkConnection (D:\\WB-assistant\\wb-assistant-0.1.2\\src\\utils\\db.ts:77:20)\n    at init (D:\\WB-assistant\\wb-assistant-0.1.2\\src\\index.ts:42:25)","syscall":"getaddrinfo","timestamp":"2025-03-07T00:44:42.569Z"}
{"level":"info","message":"Мок API Wildberries активирован","timestamp":"2025-03-07T00:45:22.829Z"}
{"level":"info","message":"Сервер запущен на http://0.0.0.0:3000","timestamp":"2025-03-07T00:45:22.842Z"}
{"level":"info","message":"Мок API доступен на http://0.0.0.0:3000/mock-api","timestamp":"2025-03-07T00:45:22.842Z"}
{"level":"info","message":"Мок API Wildberries активирован","timestamp":"2025-03-07T00:46:31.262Z"}
{"level":"info","message":"Сервер запущен на http://localhost:3000","timestamp":"2025-03-07T00:46:31.277Z"}
{"level":"info","message":"Мок API доступен на http://localhost:3000/mock-api","timestamp":"2025-03-07T00:46:31.278Z"}
{"body":{},"level":"info","message":"Входящий запрос","method":"GET","path":"/","query":{},"timestamp":"2025-03-07T00:46:40.060Z"}
{"level":"info","message":"Попытка соединения с PostgreSQL: localhost:5432/wb_assistant","timestamp":"2025-03-20T19:10:58.230Z"}
{"level":"info","message":"Проверка подключения к БД...","timestamp":"2025-03-20T19:10:58.234Z"}
{"level":"info","message":"Проверка соединения с БД: localhost:5432","timestamp":"2025-03-20T19:10:58.234Z"}
{"level":"error","message":"Не удалось подключиться к PostgreSQL на localhost:5432 - Соединение отклонено","timestamp":"2025-03-20T19:10:58.250Z"}
{"level":"warn","message":"Соединение с БД не установлено, но сервер будет запущен","timestamp":"2025-03-20T19:10:58.250Z"}
{"level":"warn","message":"Миграции не будут выполнены","timestamp":"2025-03-20T19:10:58.250Z"}
{"level":"info","message":"🚀 Сервер запущен на порту 3000","timestamp":"2025-03-20T19:10:58.252Z"}
{"level":"info","message":"Попытка соединения с PostgreSQL: localhost:5432/wb_assistant","timestamp":"2025-03-20T19:12:09.697Z"}
{"level":"info","message":"Проверка подключения к БД...","timestamp":"2025-03-20T19:12:09.700Z"}
{"level":"info","message":"Проверка соединения с БД: localhost:5432","timestamp":"2025-03-20T19:12:09.701Z"}
{"level":"info","message":"Соединение с БД установлено успешно. Время сервера: Thu Mar 20 2025 19:12:09 GMT+0000 (Coordinated Universal Time)","timestamp":"2025-03-20T19:12:09.737Z"}
{"level":"info","message":"Версия PostgreSQL: PostgreSQL 14.17 on x86_64-pc-linux-musl, compiled by gcc (Alpine 14.2.0) 14.2.0, 64-bit","timestamp":"2025-03-20T19:12:09.740Z"}
{"level":"info","message":"Соединение с БД установлено успешно","timestamp":"2025-03-20T19:12:09.740Z"}
{"level":"info","message":"Запуск миграций...","timestamp":"2025-03-20T19:12:09.741Z"}
{"code":"ENOENT","errno":-2,"level":"error","message":"Ошибка при выполнении миграций: ENOENT: no such file or directory, scandir '/app/dist/models/migrations'","path":"/app/dist/models/migrations","stack":"Error: ENOENT: no such file or directory, scandir '/app/dist/models/migrations'\n    at Object.readdirSync (node:fs:1507:26)\n    at runMigrations (/app/dist/utils/db.js:48:45)\n    at process.processTicksAndRejections (node:internal/process/task_queues:95:5)\n    at async initializeApp (/app/dist/index.js:30:17)","syscall":"scandir","timestamp":"2025-03-20T19:12:09.745Z"}
{"code":"ENOENT","errno":-2,"level":"error","message":"Ошибка при выполнении миграций: ENOENT: no such file or directory, scandir '/app/dist/models/migrations'","path":"/app/dist/models/migrations","stack":"Error: ENOENT: no such file or directory, scandir '/app/dist/models/migrations'\n    at Object.readdirSync (node:fs:1507:26)\n    at runMigrations (/app/dist/utils/db.js:48:45)\n    at process.processTicksAndRejections (node:internal/process/task_queues:95:5)\n    at async initializeApp (/app/dist/index.js:30:17)","syscall":"scandir","timestamp":"2025-03-20T19:12:09.745Z"}
{"level":"warn","message":"Сервер будет запущен, но некоторые функции могут не работать","timestamp":"2025-03-20T19:12:09.746Z"}
{"level":"info","message":"🚀 Сервер запущен на порту 3000","timestamp":"2025-03-20T19:12:09.748Z"}
{"level":"info","message":"Попытка соединения с PostgreSQL: localhost:5432/wb_assistant","timestamp":"2025-03-20T19:14:47.870Z"}
{"level":"info","message":"Проверка подключения к БД...","timestamp":"2025-03-20T19:14:47.873Z"}
{"level":"info","message":"Проверка соединения с БД: localhost:5432","timestamp":"2025-03-20T19:14:47.873Z"}
{"level":"info","message":"Соединение с БД установлено успешно. Время сервера: Thu Mar 20 2025 19:14:47 GMT+0000 (Coordinated Universal Time)","timestamp":"2025-03-20T19:14:47.897Z"}
{"level":"info","message":"Версия PostgreSQL: PostgreSQL 14.17 on x86_64-pc-linux-musl, compiled by gcc (Alpine 14.2.0) 14.2.0, 64-bit","timestamp":"2025-03-20T19:14:47.898Z"}
{"level":"info","message":"Соединение с БД установлено успешно","timestamp":"2025-03-20T19:14:47.898Z"}
{"level":"info","message":"Запуск миграций...","timestamp":"2025-03-20T19:14:47.898Z"}
{"level":"info","message":"Чтение миграций из директории: /app/src/models/migrations","timestamp":"2025-03-20T19:14:47.900Z"}
{"level":"info","message":"Найдено миграций: 7","timestamp":"2025-03-20T19:14:47.900Z"}
{"level":"info","message":"Миграции успешно выполнены","timestamp":"2025-03-20T19:14:47.901Z"}
{"level":"info","message":"🚀 Сервер запущен на порту 3000","timestamp":"2025-03-20T19:14:47.902Z"}
{"level":"info","message":"Попытка соединения с PostgreSQL: localhost:5432/wb_assistant","timestamp":"2025-03-20T19:18:57.465Z"}
{"level":"info","message":"Проверка подключения к БД...","timestamp":"2025-03-20T19:18:57.468Z"}
{"level":"info","message":"Проверка соединения с БД: localhost:5432","timestamp":"2025-03-20T19:18:57.469Z"}
{"level":"info","message":"Соединение с БД установлено успешно. Время сервера: Thu Mar 20 2025 19:18:57 GMT+0000 (Coordinated Universal Time)","timestamp":"2025-03-20T19:18:57.494Z"}
{"level":"info","message":"Версия PostgreSQL: PostgreSQL 14.17 on x86_64-pc-linux-musl, compiled by gcc (Alpine 14.2.0) 14.2.0, 64-bit","timestamp":"2025-03-20T19:18:57.495Z"}
{"level":"info","message":"Соединение с БД установлено успешно","timestamp":"2025-03-20T19:18:57.495Z"}
{"level":"info","message":"Запуск миграций...","timestamp":"2025-03-20T19:18:57.495Z"}
{"level":"info","message":"Чтение миграций из директории: /app/src/models/migrations","timestamp":"2025-03-20T19:18:57.497Z"}
{"level":"info","message":"Найдено миграций: 7","timestamp":"2025-03-20T19:18:57.498Z"}
{"level":"info","message":"Миграции успешно выполнены","timestamp":"2025-03-20T19:18:57.498Z"}
{"level":"info","message":"🚀 Сервер запущен на порту 3000","timestamp":"2025-03-20T19:18:57.500Z"}
{"level":"info","message":"Получение типов запросов","timestamp":"2025-03-20T19:26:18.279Z"}
{"code":"ECONNREFUSED","level":"error","message":"Database query error:","stack":"AggregateError [ECONNREFUSED]: \n    at /app/node_modules/pg-pool/index.js:45:11\n    at process.processTicksAndRejections (node:internal/process/task_queues:95:5)\n    at async RequestModel.query (/app/dist/models/index.js:38:20)\n    at async RequestModel.getRequestTypes (/app/dist/models/request.model.js:9:24)\n    at async getRequestTypes (/app/dist/controllers/request.controller.js:389:23)","timestamp":"2025-03-20T19:26:18.282Z"}
{"error":{"code":"ECONNREFUSED"},"level":"error","message":"Ошибка при получении типов запросов","timestamp":"2025-03-20T19:26:18.282Z"}
{"headers":{"accept":"*/*","connection":"close","host":"localhost:3000","user-agent":"Wget"},"level":"info","message":"Получен запрос к /api/debug","query":{},"timestamp":"2025-03-20T19:26:22.128Z"}
{"level":"info","message":"Попытка соединения с PostgreSQL: localhost:5432/wb_assistant","timestamp":"2025-03-20T19:26:42.974Z"}
{"level":"info","message":"Проверка подключения к БД...","timestamp":"2025-03-20T19:26:42.978Z"}
{"level":"info","message":"Проверка соединения с БД: localhost:5432","timestamp":"2025-03-20T19:26:42.978Z"}
{"level":"info","message":"Соединение с БД установлено успешно. Время сервера: Thu Mar 20 2025 19:26:43 GMT+0000 (Coordinated Universal Time)","timestamp":"2025-03-20T19:26:43.012Z"}
{"level":"info","message":"Версия PostgreSQL: PostgreSQL 14.17 on x86_64-pc-linux-musl, compiled by gcc (Alpine 14.2.0) 14.2.0, 64-bit","timestamp":"2025-03-20T19:26:43.013Z"}
{"level":"info","message":"Соединение с БД установлено успешно","timestamp":"2025-03-20T19:26:43.014Z"}
{"level":"info","message":"Запуск миграций...","timestamp":"2025-03-20T19:26:43.014Z"}
{"level":"info","message":"Чтение миграций из директории: /app/src/models/migrations","timestamp":"2025-03-20T19:26:43.017Z"}
{"level":"info","message":"Найдено миграций: 7","timestamp":"2025-03-20T19:26:43.018Z"}
{"level":"info","message":"Миграции успешно выполнены","timestamp":"2025-03-20T19:26:43.018Z"}
{"level":"info","message":"🚀 Сервер запущен на порту 3000","timestamp":"2025-03-20T19:26:43.020Z"}
{"level":"info","message":"Попытка соединения с PostgreSQL: localhost:5432/wb_assistant","timestamp":"2025-03-20T19:27:23.285Z"}
{"level":"info","message":"Проверка подключения к БД...","timestamp":"2025-03-20T19:27:23.288Z"}
{"level":"info","message":"Проверка соединения с БД: localhost:5432","timestamp":"2025-03-20T19:27:23.289Z"}
{"level":"info","message":"Соединение с БД установлено успешно. Время сервера: Thu Mar 20 2025 19:27:23 GMT+0000 (Coordinated Universal Time)","timestamp":"2025-03-20T19:27:23.313Z"}
{"level":"info","message":"Версия PostgreSQL: PostgreSQL 14.17 on x86_64-pc-linux-musl, compiled by gcc (Alpine 14.2.0) 14.2.0, 64-bit","timestamp":"2025-03-20T19:27:23.314Z"}
{"level":"info","message":"Соединение с БД установлено успешно","timestamp":"2025-03-20T19:27:23.315Z"}
{"level":"info","message":"Запуск миграций...","timestamp":"2025-03-20T19:27:23.315Z"}
{"level":"info","message":"Чтение миграций из директории: /app/src/models/migrations","timestamp":"2025-03-20T19:27:23.317Z"}
{"level":"info","message":"Найдено миграций: 7","timestamp":"2025-03-20T19:27:23.317Z"}
{"level":"info","message":"Миграции успешно выполнены","timestamp":"2025-03-20T19:27:23.317Z"}
{"level":"info","message":"🚀 Сервер запущен на порту 3000","timestamp":"2025-03-20T19:27:23.319Z"}
{"level":"info","message":"Попытка соединения с PostgreSQL: localhost:5432/wb_assistant","timestamp":"2025-03-20T19:28:14.091Z"}
{"level":"info","message":"Проверка подключения к БД...","timestamp":"2025-03-20T19:28:14.094Z"}
{"level":"info","message":"Проверка соединения с БД: localhost:5432","timestamp":"2025-03-20T19:28:14.095Z"}
{"level":"info","message":"Соединение с БД установлено успешно. Время сервера: Thu Mar 20 2025 19:28:14 GMT+0000 (Coordinated Universal Time)","timestamp":"2025-03-20T19:28:14.128Z"}
{"level":"info","message":"Версия PostgreSQL: PostgreSQL 14.17 on x86_64-pc-linux-musl, compiled by gcc (Alpine 14.2.0) 14.2.0, 64-bit","timestamp":"2025-03-20T19:28:14.129Z"}
{"level":"info","message":"Соединение с БД установлено успешно","timestamp":"2025-03-20T19:28:14.130Z"}
{"level":"info","message":"Запуск миграций...","timestamp":"2025-03-20T19:28:14.130Z"}
{"level":"info","message":"Чтение миграций из директории: /app/src/models/migrations","timestamp":"2025-03-20T19:28:14.133Z"}
{"level":"info","message":"Найдено миграций: 7","timestamp":"2025-03-20T19:28:14.134Z"}
{"level":"info","message":"Миграции успешно выполнены","timestamp":"2025-03-20T19:28:14.134Z"}
{"level":"info","message":"🚀 Сервер запущен на порту 3000","timestamp":"2025-03-20T19:28:14.136Z"}
{"level":"info","message":"Получение типов запросов","timestamp":"2025-03-20T19:28:27.784Z"}
{"code":"ECONNREFUSED","level":"error","message":"Database query error:","stack":"AggregateError [ECONNREFUSED]: \n    at /app/node_modules/pg-pool/index.js:45:11\n    at process.processTicksAndRejections (node:internal/process/task_queues:95:5)\n    at async RequestModel.query (/app/dist/models/index.js:38:20)\n    at async RequestModel.getRequestTypes (/app/dist/models/request.model.js:9:24)\n    at async getRequestTypes (/app/dist/controllers/request.controller.js:389:23)","timestamp":"2025-03-20T19:28:27.787Z"}
{"error":{"code":"ECONNREFUSED"},"level":"error","message":"Ошибка при получении типов запросов","timestamp":"2025-03-20T19:28:27.787Z"}
{"level":"info","message":"Попытка соединения с PostgreSQL: localhost:5432/wb_assistant","timestamp":"2025-03-20T19:28:54.632Z"}
{"level":"info","message":"Проверка подключения к БД...","timestamp":"2025-03-20T19:28:54.635Z"}
{"level":"info","message":"Проверка соединения с БД: localhost:5432","timestamp":"2025-03-20T19:28:54.636Z"}
{"level":"info","message":"Соединение с БД установлено успешно. Время сервера: Thu Mar 20 2025 19:28:54 GMT+0000 (Coordinated Universal Time)","timestamp":"2025-03-20T19:28:54.660Z"}
{"level":"info","message":"Версия PostgreSQL: PostgreSQL 14.17 on x86_64-pc-linux-musl, compiled by gcc (Alpine 14.2.0) 14.2.0, 64-bit","timestamp":"2025-03-20T19:28:54.661Z"}
{"level":"info","message":"Соединение с БД установлено успешно","timestamp":"2025-03-20T19:28:54.662Z"}
{"level":"info","message":"Запуск миграций...","timestamp":"2025-03-20T19:28:54.662Z"}
{"level":"info","message":"Чтение миграций из директории: /app/src/models/migrations","timestamp":"2025-03-20T19:28:54.664Z"}
{"level":"info","message":"Найдено миграций: 7","timestamp":"2025-03-20T19:28:54.664Z"}
{"level":"info","message":"Миграции успешно выполнены","timestamp":"2025-03-20T19:28:54.665Z"}
{"level":"info","message":"🚀 Сервер запущен на порту 3000","timestamp":"2025-03-20T19:28:54.667Z"}
{"level":"info","message":"Попытка соединения с PostgreSQL: localhost:5432/wb_assistant","timestamp":"2025-03-20T19:32:26.846Z"}
{"level":"info","message":"Проверка подключения к БД...","timestamp":"2025-03-20T19:32:26.850Z"}
{"level":"info","message":"Проверка соединения с БД: localhost:5432","timestamp":"2025-03-20T19:32:26.850Z"}
{"level":"info","message":"Соединение с БД установлено успешно. Время сервера: Thu Mar 20 2025 19:32:26 GMT+0000 (Coordinated Universal Time)","timestamp":"2025-03-20T19:32:26.873Z"}
{"level":"info","message":"Версия PostgreSQL: PostgreSQL 14.17 on x86_64-pc-linux-musl, compiled by gcc (Alpine 14.2.0) 14.2.0, 64-bit","timestamp":"2025-03-20T19:32:26.874Z"}
{"level":"info","message":"Соединение с БД установлено успешно","timestamp":"2025-03-20T19:32:26.874Z"}
{"level":"info","message":"Запуск миграций...","timestamp":"2025-03-20T19:32:26.875Z"}
{"level":"info","message":"Чтение миграций из директории: /app/src/models/migrations","timestamp":"2025-03-20T19:32:26.876Z"}
{"level":"info","message":"Найдено миграций: 7","timestamp":"2025-03-20T19:32:26.877Z"}
{"level":"info","message":"Миграции успешно выполнены","timestamp":"2025-03-20T19:32:26.877Z"}
{"level":"info","message":"🚀 Сервер запущен на порту 3000","timestamp":"2025-03-20T19:32:26.879Z"}
